2019-10-28 14:22:58 INFO  GameLogging:14 - Game Start
2019-10-28 14:22:58 INFO  GameLogging:14 - Scanner start
2019-10-28 14:22:58 INFO  GameLogging:14 - Game Loading Setting from propertiesFile
2019-10-28 14:23:07 INFO  GameLogging:14 - Mode Selection
2019-10-28 14:23:16 WARN  GameLogging:18 - Scanner Close
2019-10-28 14:23:16 INFO  GameLogging:14 - Game Exit
2019-10-28 15:00:40 INFO  GameLogging:14 - Game Start
2019-10-28 15:00:40 INFO  GameLogging:14 - Scanner start
2019-10-28 15:00:40 INFO  GameLogging:14 - Setting Load from propertiesFile
2019-10-28 15:00:44 INFO  GameLogging:14 - Mode Selection
2019-10-28 15:00:48 WARN  GameLogging:18 - Scanner Close
2019-10-28 15:00:48 INFO  GameLogging:14 - Game Exit
2019-10-28 16:37:12 INFO  GameLogging:10 - Game Start
2019-10-28 16:37:12 INFO  GameLogging:10 - Scanner start
2019-10-28 16:37:12 INFO  GameLogging:10 - Setting Load from propertiesFile
2019-10-28 16:37:21 INFO  GameLogging:10 - Mode Selection
2019-10-28 16:37:27 INFO  GameLogging:10 - Challenger Mode
2019-10-28 16:38:27 INFO  GameLogging:10 - Scanner Close
2019-10-28 16:38:27 INFO  GameLogging:10 - Mode Exit
2019-10-28 16:38:27 INFO  GameLogging:10 - Game Exit
2019-10-29 13:55:32 INFO  GameLogging:11 - Game Start
2019-10-29 13:55:32 INFO  GameLogging:11 - Scanner start
2019-10-29 13:55:32 INFO  GameLogging:11 - Setting Load from propertiesFile
2019-10-29 13:55:41 INFO  GameLogging:11 - Mode Selection
2019-10-29 13:55:45 WARN  GameLogging:15 - Scanner Close
2019-10-29 13:55:45 INFO  GameLogging:11 - Game Exit
2019-10-29 13:58:18 INFO  GameLogging:11 - Game Start
2019-10-29 13:58:18 INFO  GameLogging:11 - Scanner start
2019-10-29 13:58:18 INFO  GameLogging:11 - Setting Load from propertiesFile
2019-10-29 13:58:25 INFO  GameLogging:11 - Mode Selection
2019-10-29 13:58:27 WARN  GameLogging:15 - Scanner Close
2019-10-29 13:58:27 INFO  GameLogging:11 - Game Exit
2019-10-29 14:13:45 INFO  GameLogging:11 - Game Start
2019-10-29 14:13:45 INFO  GameLogging:11 - Scanner start
2019-10-29 14:13:45 INFO  GameLogging:11 - Setting Load from propertiesFile
2019-10-29 14:13:50 INFO  GameLogging:11 - Mode Selection
2019-10-29 14:13:53 WARN  GameLogging:15 - Scanner Close
2019-10-29 14:13:53 INFO  GameLogging:11 - Game Exit
2019-10-29 14:21:14 INFO  GameLogging:11 - Game Start
2019-10-29 14:21:14 INFO  GameLogging:11 - Scanner start
2019-10-29 14:21:14 INFO  GameLogging:11 - Setting Load from propertiesFile
2019-10-29 14:21:28 INFO  GameLogging:11 - Mode Selection
2019-10-29 14:21:31 WARN  GameLogging:15 - Scanner Close
2019-10-29 14:21:31 INFO  GameLogging:11 - Game Exit
2019-10-29 14:38:20 INFO  GameLogging:11 - Game Start
2019-10-29 14:38:20 INFO  GameLogging:11 - Scanner start
2019-10-29 14:38:20 INFO  GameLogging:11 - Setting Load from propertiesFile
2019-10-29 14:38:27 INFO  GameLogging:11 - Mode Selection
2019-10-29 14:38:30 WARN  GameLogging:15 - Scanner Close
2019-10-29 14:38:30 INFO  GameLogging:11 - Game Exit
2019-10-29 14:41:34 INFO  GameLogging:11 - Game Start
2019-10-29 14:41:34 INFO  GameLogging:11 - Scanner start
2019-10-29 14:41:34 INFO  GameLogging:11 - Setting Load from propertiesFile
2019-10-29 14:41:41 INFO  GameLogging:11 - Mode Selection
2019-10-29 14:41:46 WARN  GameLogging:15 - Scanner Close
2019-10-29 14:41:46 INFO  GameLogging:11 - Game Exit
2019-10-29 14:46:47 INFO  GameLogging:11 - Game Start
2019-10-29 14:46:47 INFO  GameLogging:11 - Scanner start
2019-10-29 14:46:47 INFO  GameLogging:11 - Setting Load from propertiesFile
2019-10-29 14:46:52 INFO  GameLogging:11 - Mode Selection
2019-10-29 14:46:57 WARN  GameLogging:15 - Scanner Close
2019-10-29 14:46:57 INFO  GameLogging:11 - Game Exit
2019-10-29 15:08:27 INFO  GameLogging:11 - Game Start
2019-10-29 15:08:27 INFO  GameLogging:11 - Scanner start
2019-10-29 15:08:27 INFO  GameLogging:11 - Setting Load from propertiesFile
2019-10-29 15:08:31 INFO  GameLogging:11 - Mode Selection
2019-10-29 15:08:34 WARN  GameLogging:15 - Scanner Close
2019-10-29 15:08:34 INFO  GameLogging:11 - Game Exit
2019-10-29 18:14:46 INFO  GameLogging:11 - Game Start
2019-10-29 18:14:46 INFO  GameLogging:11 - Scanner start
2019-10-29 18:14:46 INFO  GameLogging:11 - Setting Load from propertiesFile
2019-10-29 18:14:52 INFO  GameLogging:11 - Mode Selection
2019-10-29 18:14:55 WARN  GameLogging:15 - Scanner Close
2019-10-29 18:14:55 INFO  GameLogging:11 - Game Exit
2019-10-29 18:21:04 INFO  GameLogging:11 - Game Start
2019-10-29 18:21:04 INFO  GameLogging:11 - Scanner start
2019-10-29 18:21:04 INFO  GameLogging:11 - Setting Load from propertiesFile
2019-10-29 18:21:09 INFO  GameLogging:11 - Mode Selection
2019-10-29 18:21:13 WARN  GameLogging:15 - Scanner Close
2019-10-29 18:21:13 INFO  GameLogging:11 - Game Exit
2019-10-29 18:23:24 INFO  GameLogging:11 - Game Start
2019-10-29 18:23:24 INFO  GameLogging:11 - Scanner start
2019-10-29 18:23:24 INFO  GameLogging:11 - Setting Load from propertiesFile
2019-10-29 18:23:30 INFO  GameLogging:11 - Mode Selection
2019-10-29 18:23:33 WARN  GameLogging:15 - Scanner Close
2019-10-29 18:23:33 INFO  GameLogging:11 - Game Exit
2019-10-29 19:05:22 INFO  GameLogging:11 - Game Start
2019-10-29 19:05:22 INFO  GameLogging:11 - Scanner start
2019-10-29 19:05:22 INFO  GameLogging:11 - Setting Load from propertiesFile
2019-10-29 19:05:35 INFO  GameLogging:11 - Mode Selection
2019-10-29 19:05:39 WARN  GameLogging:15 - Scanner Close
2019-10-29 19:05:39 INFO  GameLogging:11 - Game Exit
2019-10-29 19:48:01 INFO  GameLogging:11 - Game Start
2019-10-29 19:48:01 INFO  GameLogging:11 - Scanner start
2019-10-29 19:48:01 INFO  GameLogging:11 - Setting Load from propertiesFile
2019-10-29 19:49:04 INFO  GameLogging:11 - Mode Selection
2019-10-29 19:49:09 WARN  GameLogging:15 - Scanner Close
2019-10-29 19:49:09 INFO  GameLogging:11 - Game Exit
2019-10-29 19:49:13 INFO  GameLogging:11 - Game Start
2019-10-29 19:49:13 INFO  GameLogging:11 - Scanner start
2019-10-29 19:49:13 INFO  GameLogging:11 - Setting Load from propertiesFile
2019-10-29 19:49:49 INFO  GameLogging:11 - Mode Selection
2019-10-29 19:53:43 WARN  GameLogging:15 - Scanner Close
2019-10-29 19:53:43 INFO  GameLogging:11 - Game Exit
2019-10-30 14:21:38 INFO  GameLogging:11 - Game Start
2019-10-30 14:21:38 INFO  GameLogging:11 - Scanner start
2019-10-30 14:21:38 INFO  GameLogging:11 - Setting Load from propertiesFile
2019-10-30 14:21:48 INFO  GameLogging:11 - Mode Selection
2019-10-30 14:22:02 WARN  GameLogging:15 - Scanner Close
2019-10-30 14:22:02 INFO  GameLogging:11 - Game Exit
2019-10-30 15:26:05 INFO  GameLogging:11 - Game Start
2019-10-30 15:26:05 INFO  GameLogging:11 - Scanner start
2019-10-30 15:26:05 INFO  GameLogging:11 - Setting Load from propertiesFile
2019-10-30 15:46:25 INFO  GameLogging:11 - Mode Selection
2019-10-30 15:46:28 WARN  GameLogging:15 - Scanner Close
2019-10-30 15:46:28 INFO  GameLogging:11 - Game Exit
2019-10-30 16:11:06 INFO  GameLogging:11 - Game Start
2019-10-30 16:11:06 INFO  GameLogging:11 - Scanner start
2019-10-30 16:11:06 INFO  GameLogging:11 - Setting Load from propertiesFile
2019-10-30 16:11:14 INFO  GameLogging:11 - Mode Selection
2019-10-30 16:38:37 WARN  GameLogging:15 - Scanner Close
2019-10-30 16:38:37 INFO  GameLogging:11 - Game Exit
